Nombre de archivo con extensión:              Written	7
                  in	2
                you,	4
                 the	3
                have	4
                with	4
               me...	5
            teachers	8
              Smith,	6
                 it.	3
                this	4
             because	7
                  Or	2
              Hacker	6
                over	4
             They're	7
                look	4
              forces	6
                  is	2
                crap	4
                high	4
                   I	1
            head..."	8
                   a	1
                  it	2
                  Or	2
                 got	3
               after	5
              1950's	6
                what	4
             hacker,	7
                  of	2
                 I'm	3
                 how	3
                   I	1
                   a	1
                   I	1
             because	7
             January	7
            Computer	8
                  in	2
             hacker?	7
              molded	6
           school...	9
                Damn	4
             explain	7
                   I	1
             They're	7
                  is	2
                   I	1
              thinks	6
           Manifesto	9
                 the	3
                 all	3
              behind	6
              shaped	6
                   a	1
                they	4
             school.	7
          understand	10
                Damn	4
           computer.	9
               makes	5
               feels	5
              caught	6
                Bank	4
        technobrain,	12
                made	4
               enter	5
                 the	3
                  in	2
                  to	2
                 did	3
           discovery	9
                want	4
                  it	2
                  8,	2
               Crime	5
                your	4
                 Did	3
                him?	4
                 I'm	3
      underachiever.	14
                 for	3
              didn't	6
                 all	3
               cool.	5
             screwed	7
                  by	2
             papers.	7
              alike.	6
                 the	3
                him,	4
               world	5
               teach	5
                I've	4
                 it.	3
                kid.	4
                Wait	4
                   a	1
          threatened	10
              today,	6
       Tampering"...	13
                ever	4
                 him	3
                  my	2
               other	5
              junior	6
              reduce	6
                  it	2
              today.	6
                  it	2
             doesn't	7
                1986	4
           Scandal",	9
         three-piece	11
                 you	3
                   I	1
             smarter	7
             They're	7
                 the	3
                show	4
              alike.	6
                  It	2
                  it	2
              +++The	6
           "Teenager	9
                 But	3
                eyes	4
                what	4
                that	4
                  us	2
            listened	8
                "No,	4
            Probably	8
                   a	1
            mistake,	8
                  by	2
                it's	4
                Damn	4
                take	4
               tick,	5
            world...	8
               kids,	5
                high	4
                   a	1
                  in	2
                   I	1
                 to.	3
                like	4
             Another	7
             "Hacker	7
          psychology	10
                ever	4
                  am	2
                than	4
                 all	3
           fifteenth	9
                  my	2
                   I	1
                does	4
                 up.	3
           Mentor+++	9
            Arrested	8
                 did	3
                  of	2
                 may	3
              begins	6
               bores	5
                  to	2
                 Ms.	3
              copied	6
             second,	7
                it's	4
                me..	4
                 The	3
                 all	3
               kids.	5
                   a	1
                what	4
                Mine	4
                this	4
                  or	2
           fraction.	9
                  my	2
               found	5
                  If	2
               me...	5
                 one	3
            Arrested	8
                 and	3
              wonder	6
                   a	1
                most	4
              alike.	6
                time	4
               work.	5
                made	4
                what	4
                 Not	3
